\BOOKMARK [1][-]{section.1}{\376\377\000I\000n\000t\000r\000o\000d\000u\000c\000t\000i\000o\000n}{}% 1
\BOOKMARK [2][-]{subsection.1.1}{\376\377\000C\000o\000h\000e\000r\000e\000n\000c\000e\000\040\000v\000s\000.\000\040\000I\000n\000f\000o\000r\000m\000a\000t\000i\000o\000n\000:\000\040\000T\000h\000e\000\040\000K\000e\000y\000\040\000D\000i\000s\000t\000i\000n\000c\000t\000i\000o\000n}{section.1}% 2
\BOOKMARK [1][-]{section.2}{\376\377\000B\000a\000c\000k\000g\000r\000o\000u\000n\000d\000:\000\040\000I\000n\000f\000o\000r\000m\000a\000t\000i\000o\000n\000\040\000G\000e\000o\000m\000e\000t\000r\000y}{}% 3
\BOOKMARK [1][-]{section.3}{\376\377\000M\000a\000n\000i\000f\000o\000l\000d\000\040\000E\000x\000p\000a\000n\000s\000i\000o\000n\000\040\000U\000n\000d\000e\000r\000\040\000C\000o\000u\000p\000l\000i\000n\000g}{}% 4
\BOOKMARK [2][-]{subsection.3.1}{\376\377\000S\000e\000t\000u\000p}{section.3}% 5
\BOOKMARK [2][-]{subsection.3.2}{\376\377\000M\000e\000c\000h\000a\000n\000i\000s\000m\000:\000\040\000C\000o\000l\000l\000e\000c\000t\000i\000v\000e\000\040\000C\000o\000o\000r\000d\000i\000n\000a\000t\000e\000s}{section.3}% 6
\BOOKMARK [2][-]{subsection.3.3}{\376\377\000D\000i\000m\000e\000n\000s\000i\000o\000n\000a\000l\000i\000t\000y\000\040\000G\000r\000o\000w\000t\000h}{section.3}% 7
\BOOKMARK [2][-]{subsection.3.4}{\376\377\000W\000h\000e\000n\000\040\000E\000x\000p\000a\000n\000s\000i\000o\000n\000\040\000D\000o\000m\000i\000n\000a\000t\000e\000s}{section.3}% 8
\BOOKMARK [1][-]{section.4}{\376\377\000C\000o\000n\000s\000e\000q\000u\000e\000n\000c\000e\000s\000\040\000f\000o\000r\000\040\000C\000o\000m\000p\000l\000e\000x\000i\000t\000y\000\040\000G\000r\000o\000w\000t\000h}{}% 9
\BOOKMARK [2][-]{subsection.4.1}{\376\377\000F\000a\000s\000t\000e\000r\000\040\000T\000h\000a\000n\000\040\000I\000n\000f\000o\000r\000m\000a\000t\000i\000o\000n\000\040\000B\000o\000u\000n\000d\000s\000\040\000P\000r\000e\000d\000i\000c\000t}{section.4}% 10
\BOOKMARK [2][-]{subsection.4.2}{\376\377\000C\000o\000l\000o\000n\000y\000\040\000D\000y\000n\000a\000m\000i\000c\000s}{section.4}% 11
\BOOKMARK [2][-]{subsection.4.3}{\376\377\000T\000h\000e\000r\000m\000o\000d\000y\000n\000a\000m\000i\000c\000\040\000C\000o\000s\000t\000\040\000o\000f\000\040\000E\000x\000p\000a\000n\000s\000i\000o\000n}{section.4}% 12
\BOOKMARK [2][-]{subsection.4.4}{\376\377\000T\000h\000e\000\040\000C\000o\000m\000p\000r\000e\000s\000s\000i\000o\000n\000\040\000T\000r\000a\000n\000s\000i\000t\000i\000o\000n}{section.4}% 13
\BOOKMARK [1][-]{section.5}{\376\377\000A\000p\000p\000l\000i\000c\000a\000t\000i\000o\000n\000:\000\040\000O\000r\000i\000g\000i\000n\000\040\000o\000f\000\040\000C\000o\000d\000e\000d\000\040\000S\000y\000s\000t\000e\000m\000s}{}% 14
\BOOKMARK [2][-]{subsection.5.1}{\376\377\000T\000h\000e\000\040\000S\000e\000q\000u\000e\000n\000c\000i\000n\000g\000\040\000C\000l\000a\000i\000m}{section.5}% 15
\BOOKMARK [2][-]{subsection.5.2}{\376\377\000D\000N\000A\000-\000R\000N\000A\000-\000P\000r\000o\000t\000e\000i\000n\000\040\000a\000s\000\040\000C\000o\000m\000m\000u\000n\000i\000c\000a\000t\000i\000o\000n\000\040\000S\000y\000s\000t\000e\000m}{section.5}% 16
\BOOKMARK [2][-]{subsection.5.3}{\376\377\000T\000h\000e\000\040\000K\000i\000l\000l\000e\000r\000\040\000D\000i\000s\000t\000i\000n\000c\000t\000i\000o\000n}{section.5}% 17
\BOOKMARK [1][-]{section.6}{\376\377\000D\000i\000s\000c\000u\000s\000s\000i\000o\000n}{}% 18
\BOOKMARK [2][-]{subsection.6.1}{\376\377\000S\000c\000a\000l\000e\000-\000F\000r\000e\000e\000\040\000M\000e\000c\000h\000a\000n\000i\000s\000m}{section.6}% 19
\BOOKMARK [2][-]{subsection.6.2}{\376\377\000W\000h\000y\000\040\000N\000o\000n\000-\000S\000t\000o\000c\000h\000a\000s\000t\000i\000c\000\040\000M\000o\000d\000e\000l\000s\000\040\000A\000r\000e\000\040\000E\000x\000p\000e\000n\000s\000i\000v\000e}{section.6}% 20
\BOOKMARK [2][-]{subsection.6.3}{\376\377\000T\000e\000s\000t\000a\000b\000l\000e\000\040\000P\000r\000e\000d\000i\000c\000t\000i\000o\000n\000s}{section.6}% 21
\BOOKMARK [1][-]{section.7}{\376\377\000C\000o\000n\000c\000l\000u\000s\000i\000o\000n}{}% 22
