\BOOKMARK [1][-]{section.1}{\376\377\000I\000n\000t\000r\000o\000d\000u\000c\000t\000i\000o\000n\000:\000\040\000T\000h\000e\000\040\000H\000o\000m\000o\000g\000e\000n\000i\000z\000a\000t\000i\000o\000n\000\040\000P\000r\000o\000b\000l\000e\000m}{}% 1
\BOOKMARK [2][-]{subsection.1.1}{\376\377\000C\000o\000n\000n\000e\000c\000t\000i\000o\000n\000\040\000t\000o\000\040\000A\000b\000i\000o\000g\000e\000n\000e\000s\000i\000s}{section.1}% 2
\BOOKMARK [2][-]{subsection.1.2}{\376\377\000O\000u\000t\000l\000i\000n\000e}{section.1}% 3
\BOOKMARK [1][-]{section.2}{\376\377\000M\000o\000d\000e\000l\000\040\000D\000e\000f\000i\000n\000i\000t\000i\000o\000n}{}% 4
\BOOKMARK [2][-]{subsection.2.1}{\376\377\000S\000t\000a\000t\000e\000\040\000V\000a\000r\000i\000a\000b\000l\000e\000s}{section.2}% 5
\BOOKMARK [2][-]{subsection.2.2}{\376\377\000E\000n\000v\000i\000r\000o\000n\000m\000e\000n\000t}{section.2}% 6
\BOOKMARK [2][-]{subsection.2.3}{\376\377\000C\000o\000o\000r\000d\000i\000n\000a\000t\000i\000o\000n\000\040\000M\000u\000l\000t\000i\000p\000l\000i\000e\000r}{section.2}% 7
\BOOKMARK [2][-]{subsection.2.4}{\376\377\000C\000o\000h\000e\000r\000e\000n\000c\000e\000\040\000C\000o\000s\000t}{section.2}% 8
\BOOKMARK [2][-]{subsection.2.5}{\376\377\000N\000e\000t\000\040\000F\000i\000t\000n\000e\000s\000s}{section.2}% 9
\BOOKMARK [2][-]{subsection.2.6}{\376\377\000S\000e\000l\000e\000c\000t\000i\000o\000n}{section.2}% 10
\BOOKMARK [1][-]{section.3}{\376\377\000T\000h\000e\000\040\000C\000o\000h\000e\000r\000e\000n\000c\000e\000-\000S\000c\000a\000l\000e\000\040\000T\000r\000a\000d\000e\000-\000o\000f\000f}{}% 11
\BOOKMARK [2][-]{subsection.3.1}{\376\377\000C\000o\000h\000e\000r\000e\000n\000c\000e\000\040\000a\000s\000\040\000C\000o\000o\000r\000d\000i\000n\000a\000t\000i\000o\000n\000\040\000M\000u\000l\000t\000i\000p\000l\000i\000e\000r}{section.3}% 12
\BOOKMARK [2][-]{subsection.3.2}{\376\377\000T\000h\000e\000\040\000M\000e\000t\000a\000b\000o\000l\000i\000c\000\040\000C\000e\000i\000l\000i\000n\000g}{section.3}% 13
\BOOKMARK [2][-]{subsection.3.3}{\376\377\000T\000w\000o\000\040\000S\000t\000a\000b\000l\000e\000\040\000S\000t\000r\000a\000t\000e\000g\000i\000e\000s}{section.3}% 14
\BOOKMARK [1][-]{section.4}{\376\377\000T\000h\000r\000e\000e\000-\000P\000h\000a\000s\000e\000\040\000E\000v\000o\000l\000u\000t\000i\000o\000n\000a\000r\000y\000\040\000A\000r\000c}{}% 15
\BOOKMARK [2][-]{subsection.4.1}{\376\377\000P\000h\000a\000s\000e\000\040\0001\000:\000\040\000S\000i\000z\000e\000\040\000R\000e\000g\000i\000m\000e}{section.4}% 16
\BOOKMARK [2][-]{subsection.4.2}{\376\377\000P\000h\000a\000s\000e\000\040\0002\000:\000\040\000C\000o\000h\000e\000r\000e\000n\000c\000e\000\040\000R\000e\000g\000i\000m\000e}{section.4}% 17
\BOOKMARK [2][-]{subsection.4.3}{\376\377\000P\000h\000a\000s\000e\000\040\0003\000:\000\040\000P\000a\000r\000a\000s\000i\000t\000i\000s\000m\000\040\000R\000e\000g\000i\000m\000e}{section.4}% 18
\BOOKMARK [1][-]{section.5}{\376\377\000E\000c\000o\000l\000o\000g\000y\000\040\000f\000r\000o\000m\000\040\000C\000o\000h\000e\000r\000e\000n\000c\000e\000\040\000D\000i\000f\000f\000e\000r\000e\000n\000t\000i\000a\000l\000s}{}% 19
\BOOKMARK [2][-]{subsection.5.1}{\376\377\000T\000h\000e\000\040\000E\000x\000t\000r\000a\000c\000t\000i\000o\000n\000\040\000O\000p\000e\000r\000a\000t\000o\000r}{section.5}% 20
\BOOKMARK [2][-]{subsection.5.2}{\376\377\000T\000h\000e\000\040\000T\000w\000o\000-\000A\000t\000t\000r\000a\000c\000t\000o\000r\000\040\000L\000a\000n\000d\000s\000c\000a\000p\000e}{section.5}% 21
\BOOKMARK [2][-]{subsection.5.3}{\376\377\000P\000o\000p\000u\000l\000a\000t\000i\000o\000n\000\040\000D\000y\000n\000a\000m\000i\000c\000s}{section.5}% 22
\BOOKMARK [2][-]{subsection.5.4}{\376\377\000W\000h\000y\000\040\000H\000o\000m\000o\000g\000e\000n\000i\000z\000a\000t\000i\000o\000n\000\040\000F\000a\000i\000l\000s}{section.5}% 23
\BOOKMARK [1][-]{section.6}{\376\377\000S\000i\000m\000u\000l\000a\000t\000i\000o\000n\000s}{}% 24
\BOOKMARK [2][-]{subsection.6.1}{\376\377\000M\000o\000d\000e\000l\000\040\000I\000m\000p\000l\000e\000m\000e\000n\000t\000a\000t\000i\000o\000n}{section.6}% 25
\BOOKMARK [2][-]{subsection.6.2}{\376\377\000R\000e\000s\000u\000l\000t\000s}{section.6}% 26
\BOOKMARK [2][-]{subsection.6.3}{\376\377\000R\000o\000b\000u\000s\000t\000n\000e\000s\000s}{section.6}% 27
\BOOKMARK [1][-]{section.7}{\376\377\000D\000i\000s\000c\000u\000s\000s\000i\000o\000n}{}% 28
\BOOKMARK [2][-]{subsection.7.1}{\376\377\000I\000m\000p\000l\000i\000c\000a\000t\000i\000o\000n\000s\000\040\000f\000o\000r\000\040\000A\000b\000i\000o\000g\000e\000n\000e\000s\000i\000s}{section.7}% 29
\BOOKMARK [2][-]{subsection.7.2}{\376\377\000M\000u\000l\000t\000i\000c\000e\000l\000l\000u\000l\000a\000r\000i\000t\000y}{section.7}% 30
\BOOKMARK [2][-]{subsection.7.3}{\376\377\000A\000t\000t\000e\000n\000t\000i\000o\000n\000\040\000E\000c\000o\000n\000o\000m\000i\000e\000s}{section.7}% 31
\BOOKMARK [2][-]{subsection.7.4}{\376\377\000O\000u\000t\000l\000o\000o\000k\000:\000\040\000S\000e\000m\000i\000o\000t\000i\000c\000\040\000P\000r\000e\000d\000a\000t\000i\000o\000n}{section.7}% 32
\BOOKMARK [2][-]{subsection.7.5}{\376\377\000C\000o\000n\000c\000l\000u\000s\000i\000o\000n}{section.7}% 33
