\BOOKMARK [1][-]{section.1}{\376\377\000I\000n\000t\000r\000o\000d\000u\000c\000t\000i\000o\000n}{}% 1
\BOOKMARK [2][-]{subsection.1.1}{\376\377\000T\000h\000e\000\040\000C\000o\000d\000e\000\040\000E\000m\000e\000r\000g\000e\000n\000c\000e\000\040\000P\000r\000o\000b\000l\000e\000m}{section.1}% 2
\BOOKMARK [2][-]{subsection.1.2}{\376\377\000T\000h\000e\000\040\000H\000o\000m\000o\000g\000e\000n\000i\000z\000a\000t\000i\000o\000n\000\040\000P\000r\000o\000b\000l\000e\000m}{section.1}% 3
\BOOKMARK [2][-]{subsection.1.3}{\376\377\000T\000w\000o\000\040\000P\000r\000o\000b\000l\000e\000m\000s\000,\000\040\000O\000n\000e\000\040\000F\000r\000a\000m\000e\000w\000o\000r\000k}{section.1}% 4
\BOOKMARK [1][-]{section.2}{\376\377\000T\000h\000e\000o\000r\000e\000t\000i\000c\000a\000l\000\040\000F\000r\000a\000m\000e\000w\000o\000r\000k\000:\000\040\000C\000o\000d\000e\000s\000\040\000a\000s\000\040\000C\000o\000o\000r\000d\000i\000n\000a\000t\000i\000o\000n}{}% 5
\BOOKMARK [2][-]{subsection.2.1}{\376\377\000C\000o\000d\000e\000s\000\040\000A\000r\000e\000\040\000C\000o\000o\000r\000d\000i\000n\000a\000t\000i\000o\000n\000\040\000E\000q\000u\000i\000l\000i\000b\000r\000i\000a}{section.2}% 6
\BOOKMARK [2][-]{subsection.2.2}{\376\377\000T\000h\000e\000\040\000G\000r\000o\000u\000p\000-\000F\000i\000r\000s\000t\000\040\000H\000y\000p\000o\000t\000h\000e\000s\000i\000s}{section.2}% 7
\BOOKMARK [2][-]{subsection.2.3}{\376\377\000C\000o\000h\000e\000r\000e\000n\000c\000e\000\040\000I\000s\000\040\000N\000o\000t\000\040\000I\000n\000f\000o\000r\000m\000a\000t\000i\000o\000n}{section.2}% 8
\BOOKMARK [1][-]{section.3}{\376\377\000C\000o\000d\000e\000\040\000E\000m\000e\000r\000g\000e\000n\000c\000e\000\040\000M\000o\000d\000e\000l}{}% 9
\BOOKMARK [2][-]{subsection.3.1}{\376\377\000A\000r\000c\000h\000i\000t\000e\000c\000t\000u\000r\000e}{section.3}% 10
\BOOKMARK [2][-]{subsection.3.2}{\376\377\000T\000h\000e\000\040\000D\000i\000s\000c\000r\000e\000t\000i\000z\000a\000t\000i\000o\000n\000\040\000M\000e\000c\000h\000a\000n\000i\000s\000m}{section.3}% 11
\BOOKMARK [2][-]{subsection.3.3}{\376\377\000R\000e\000s\000e\000r\000v\000o\000i\000r\000\040\000D\000y\000n\000a\000m\000i\000c\000s}{section.3}% 12
\BOOKMARK [2][-]{subsection.3.4}{\376\377\000E\000n\000v\000i\000r\000o\000n\000m\000e\000n\000t\000a\000l\000\040\000I\000n\000p\000u\000t}{section.3}% 13
\BOOKMARK [1][-]{section.4}{\376\377\000C\000o\000d\000e\000\040\000E\000m\000e\000r\000g\000e\000n\000c\000e\000\040\000R\000e\000s\000u\000l\000t\000s}{}% 14
\BOOKMARK [2][-]{subsection.4.1}{\376\377\000P\000r\000i\000m\000a\000r\000y\000\040\000R\000e\000s\000u\000l\000t\000s}{section.4}% 15
\BOOKMARK [2][-]{subsection.4.2}{\376\377\000A\000b\000l\000a\000t\000i\000o\000n\000\040\000C\000o\000n\000t\000r\000o\000l\000s}{section.4}% 16
\BOOKMARK [2][-]{subsection.4.3}{\376\377\000I\000n\000f\000o\000r\000m\000a\000t\000i\000o\000n\000-\000T\000h\000e\000o\000r\000e\000t\000i\000c\000\040\000C\000a\000p\000a\000c\000i\000t\000y}{section.4}% 17
\BOOKMARK [2][-]{subsection.4.4}{\376\377\000S\000c\000a\000l\000e\000\040\000D\000e\000p\000e\000n\000d\000e\000n\000c\000e}{section.4}% 18
\BOOKMARK [2][-]{subsection.4.5}{\376\377\000M\000a\000n\000i\000f\000o\000l\000d\000\040\000E\000x\000p\000a\000n\000s\000i\000o\000n}{section.4}% 19
\BOOKMARK [2][-]{subsection.4.6}{\376\377\000C\000a\000p\000a\000c\000i\000t\000y\000\040\000S\000c\000a\000l\000i\000n\000g\000\040\000L\000a\000w}{section.4}% 20
\BOOKMARK [1][-]{section.5}{\376\377\000E\000c\000o\000l\000o\000g\000i\000c\000a\000l\000\040\000E\000x\000t\000e\000n\000s\000i\000o\000n\000:\000\040\000T\000h\000e\000\040\000C\000o\000h\000e\000r\000e\000n\000c\000e\000-\000S\000c\000a\000l\000e\000\040\000T\000r\000a\000d\000e\000-\000o\000f\000f}{}% 21
\BOOKMARK [2][-]{subsection.5.1}{\376\377\000T\000h\000e\000\040\000M\000e\000t\000a\000b\000o\000l\000i\000c\000\040\000C\000e\000i\000l\000i\000n\000g}{section.5}% 22
\BOOKMARK [2][-]{subsection.5.2}{\376\377\000T\000w\000o\000\040\000S\000t\000a\000b\000l\000e\000\040\000S\000t\000r\000a\000t\000e\000g\000i\000e\000s}{section.5}% 23
\BOOKMARK [2][-]{subsection.5.3}{\376\377\000T\000h\000e\000\040\000E\000x\000t\000r\000a\000c\000t\000i\000o\000n\000\040\000O\000p\000e\000r\000a\000t\000o\000r}{section.5}% 24
\BOOKMARK [1][-]{section.6}{\376\377\000P\000r\000e\000d\000a\000t\000o\000r\000-\000P\000r\000e\000y\000\040\000R\000e\000s\000u\000l\000t\000s}{}% 25
\BOOKMARK [2][-]{subsection.6.1}{\376\377\000E\000m\000e\000r\000g\000e\000n\000t\000\040\000E\000c\000o\000l\000o\000g\000y}{section.6}% 26
\BOOKMARK [2][-]{subsection.6.2}{\376\377\000C\000r\000i\000t\000i\000c\000a\000l\000\040\000F\000i\000n\000d\000i\000n\000g\000:\000\040\000D\000e\000r\000i\000v\000e\000d\000\040\000C\000o\000o\000r\000d\000i\000n\000a\000t\000i\000o\000n\000\040\000C\000e\000i\000l\000i\000n\000g}{section.6}% 27
\BOOKMARK [2][-]{subsection.6.3}{\376\377\000W\000h\000y\000\040\000H\000o\000m\000o\000g\000e\000n\000i\000z\000a\000t\000i\000o\000n\000\040\000F\000a\000i\000l\000s}{section.6}% 28
\BOOKMARK [1][-]{section.7}{\376\377\000D\000i\000s\000c\000u\000s\000s\000i\000o\000n}{}% 29
\BOOKMARK [2][-]{subsection.7.1}{\376\377\000R\000e\000l\000a\000t\000i\000o\000n\000\040\000t\000o\000\040\000E\000x\000i\000s\000t\000i\000n\000g\000\040\000C\000o\000d\000e\000\040\000O\000r\000i\000g\000i\000n\000\040\000T\000h\000e\000o\000r\000i\000e\000s}{section.7}% 30
\BOOKMARK [2][-]{subsection.7.2}{\376\377\000A\000b\000i\000o\000g\000e\000n\000e\000s\000i\000s\000:\000\040\000T\000h\000e\000\040\000`\000`\000B\000e\000t\000w\000e\000e\000n\000'\000'\000\040\000B\000e\000c\000o\000m\000i\000n\000g\000\040\000`\000`\000W\000i\000t\000h\000i\000n\000'\000'}{section.7}% 31
\BOOKMARK [2][-]{subsection.7.3}{\376\377\000E\000c\000o\000l\000o\000g\000y\000\040\000P\000r\000e\000c\000e\000d\000e\000s\000\040\000B\000i\000o\000l\000o\000g\000y}{section.7}% 32
\BOOKMARK [2][-]{subsection.7.4}{\376\377\000E\000m\000p\000i\000r\000i\000c\000a\000l\000\040\000S\000u\000p\000p\000o\000r\000t\000\040\000f\000r\000o\000m\000\040\000C\000o\000m\000p\000a\000r\000a\000t\000i\000v\000e\000\040\000P\000h\000y\000s\000i\000o\000l\000o\000g\000y}{section.7}% 33
\BOOKMARK [2][-]{subsection.7.5}{\376\377\000T\000h\000e\000\040\000C\000o\000m\000p\000l\000e\000x\000i\000t\000y\000\040\000R\000a\000t\000c\000h\000e\000t}{section.7}% 34
\BOOKMARK [2][-]{subsection.7.6}{\376\377\000E\000x\000p\000e\000r\000i\000m\000e\000n\000t\000a\000l\000\040\000A\000c\000c\000e\000s\000s\000i\000b\000i\000l\000i\000t\000y}{section.7}% 35
\BOOKMARK [2][-]{subsection.7.7}{\376\377\000S\000u\000p\000p\000o\000r\000t\000i\000n\000g\000\040\000E\000v\000i\000d\000e\000n\000c\000e\000\040\000f\000r\000o\000m\000\040\000N\000o\000n\000-\000L\000i\000v\000i\000n\000g\000\040\000S\000y\000s\000t\000e\000m\000s}{section.7}% 36
\BOOKMARK [2][-]{subsection.7.8}{\376\377\000L\000i\000m\000i\000t\000a\000t\000i\000o\000n\000s}{section.7}% 37
\BOOKMARK [1][-]{section.8}{\376\377\000C\000o\000n\000c\000l\000u\000s\000i\000o\000n}{}% 38
\BOOKMARK [1][-]{appendix.A}{\376\377\000M\000a\000t\000h\000e\000m\000a\000t\000i\000c\000a\000l\000\040\000D\000e\000r\000i\000v\000a\000t\000i\000o\000n\000:\000\040\000P\000r\000e\000d\000a\000t\000o\000r\000-\000P\000r\000e\000y\000\040\000f\000r\000o\000m\000\040\000C\000o\000h\000e\000r\000e\000n\000c\000e\000\040\000C\000o\000n\000s\000t\000r\000a\000i\000n\000t\000s}{}% 39
\BOOKMARK [2][-]{subsection.A.1}{\376\377\000C\000o\000h\000e\000r\000e\000n\000c\000e\000\040\000C\000o\000s\000t\000\040\000F\000r\000a\000m\000e\000w\000o\000r\000k}{appendix.A}% 40
\BOOKMARK [2][-]{subsection.A.2}{\376\377\000G\000e\000n\000e\000r\000i\000c\000\040\000B\000i\000s\000t\000a\000b\000i\000l\000i\000t\000y\000\040\000\050\000P\000r\000o\000p\000o\000s\000i\000t\000i\000o\000n\000\040\0001\000\051}{appendix.A}% 41
\BOOKMARK [2][-]{subsection.A.3}{\376\377\000T\000h\000e\000\040\000E\000x\000t\000r\000a\000c\000t\000i\000o\000n\000\040\000O\000p\000e\000r\000a\000t\000o\000r\000\040\000\050\000P\000r\000o\000p\000o\000s\000i\000t\000i\000o\000n\000\040\0002\000\051}{appendix.A}% 42
\BOOKMARK [2][-]{subsection.A.4}{\376\377\000D\000e\000r\000i\000v\000a\000t\000i\000o\000n\000\040\000o\000f\000\040\000L\000o\000t\000k\000a\000-\000V\000o\000l\000t\000e\000r\000r\000a\000\040\000\050\000P\000r\000o\000p\000o\000s\000i\000t\000i\000o\000n\000\040\0003\000\051}{appendix.A}% 43
\BOOKMARK [2][-]{subsection.A.5}{\376\377\000C\000o\000n\000n\000e\000c\000t\000i\000o\000n\000\040\000t\000o\000\040\000E\000x\000p\000e\000r\000i\000m\000e\000n\000t\000s}{appendix.A}% 44
\BOOKMARK [2][-]{subsection.A.6}{\376\377\000G\000e\000n\000e\000r\000a\000l\000\040\000P\000r\000i\000n\000c\000i\000p\000l\000e}{appendix.A}% 45
